<?xml version="1.0" encoding="UTF-8"?>
<!-- Generated by org.testng.reporters.JUnitReportReporter -->
<testsuite hostname="KP" failures="0" tests="1" name="com.tutorialninja.testcases.Login" time="8.529" errors="0" timestamp="2023-11-12T21:09:26 IST" skipped="0">
  <testcase classname="com.tutorialninja.testcases.Login" name="verifyLoginWithInvalidCredentials" time="8.529"/>
</testsuite> <!-- com.tutorialninja.testcases.Login -->
