<?xml version="1.0" encoding="UTF-8"?>
<!-- Generated by org.testng.reporters.JUnitReportReporter -->
<testsuite hostname="KP" failures="0" tests="3" name="com.tutorialninja.testcases.Register" time="36.695" errors="0" timestamp="2023-11-12T20:15:40 IST" skipped="0">
  <testcase classname="com.tutorialninja.testcases.Register" name="verifyRegiterAccountWithMandatoryFields" time="11.260"/>
  <testcase classname="com.tutorialninja.testcases.Register" name="verifyRegiterAccountWithoutFillingAnyDetails" time="11.709"/>
  <testcase classname="com.tutorialninja.testcases.Register" name="verifyRegiterAccountWithExistingEmailAddress" time="13.726"/>
</testsuite> <!-- com.tutorialninja.testcases.Register -->
